  CV2.cpp
C:\GitHub\ep-auto\OTOV3\CV2.cpp(65,94): warning C4244: 'argument': conversion from 'int' to '_Tp', possible loss of data
          with
          [
              _Tp=float
          ]
C:\GitHub\ep-auto\OTOV3\CV2.cpp(66,93): warning C4244: 'argument': conversion from 'int' to '_Tp', possible loss of data
          with
          [
              _Tp=float
          ]
C:\GitHub\ep-auto\OTOV3\CV2.cpp(66,72): warning C4244: 'argument': conversion from 'int' to '_Tp', possible loss of data
          with
          [
              _Tp=float
          ]
C:\GitHub\ep-auto\OTOV3\CV2.cpp(67,72): warning C4244: 'argument': conversion from 'int' to '_Tp', possible loss of data
          with
          [
              _Tp=float
          ]
  CV2.vcxproj -> C:\GitHub\ep-auto\OTOV3\build\Release\CV2.exe
